<?xml version="1.0" encoding="UTF-8"?>
<testsuite xmlns:xsi="http://www.w3.org/2001/XMLSchema-instance" xsi:noNamespaceSchemaLocation="https://maven.apache.org/surefire/maven-surefire-plugin/xsd/surefire-test-report.xsd" name="com.mobframework.Runners.RunnerTest" time="35.432" tests="2" errors="2" skipped="0" failures="0">
  <properties>
[...]
</properties>
  <testcase name="add wifi settings" classname="Actions #2" time="34.853">
    <error message="The session identified by 11335265-d83b-47c5-b9a3-1325d58fd178 is not known&#10;Build info: version: &apos;4.17.0&apos;, revision: &apos;e52b1be057*&apos;&#10;System info: os.name: &apos;Windows 11&apos;, os.arch: &apos;amd64&apos;, os.version: &apos;10.0&apos;, java.version: &apos;20.0.2&apos;&#10;Driver info: io.appium.java_client.android.AndroidDriver&#10;Command: [f78669b6-b6de-4304-ab08-48ce238b2c9e, findElement {value=Preference, using=accessibility id}]&#10;Capabilities {appium:app: d:\MobReview\NewMobileAuto\..., appium:appActivity: io.appium.android.apis.ApiD..., appium:appPackage: io.appium.android.apis, appium:automationName: UiAutomator2, appium:databaseEnabled: false, appium:desired: {app: d:\MobReview\NewMobileAuto\..., appActivity: io.appium.android.apis.ApiD..., appPackage: io.appium.android.apis, automationName: UiAutomator2, deviceName: Pixel7, platformName: ANDROID, systemPort: 0}, appium:deviceApiLevel: 34, appium:deviceManufacturer: Google, appium:deviceModel: sdk_gphone64_x86_64, appium:deviceName: emulator-5554, appium:deviceScreenDensity: 440, appium:deviceScreenSize: 1080x2220, appium:deviceUDID: emulator-5554, appium:javascriptEnabled: true, appium:locationContextEnabled: false, appium:networkConnectionEnabled: true, appium:pixelRatio: 2.75, appium:platformVersion: 14, appium:statBarHeight: 66, appium:systemPort: 0, appium:takesScreenshot: true, appium:viewportRect: {height: 2088, left: 0, top: 66, width: 1080}, appium:warnings: {}, appium:webStorageEnabled: false, platformName: ANDROID}&#10;Session ID: f78669b6-b6de-4304-ab08-48ce238b2c9e" type="org.openqa.selenium.NoSuchSessionException">org.openqa.selenium.NoSuchSessionException: 
The session identified by 11335265-d83b-47c5-b9a3-1325d58fd178 is not known
Build info: version: '4.17.0', revision: 'e52b1be057*'
System info: os.name: 'Windows 11', os.arch: 'amd64', os.version: '10.0', java.version: '20.0.2'
Driver info: io.appium.java_client.android.AndroidDriver
Command: [f78669b6-b6de-4304-ab08-48ce238b2c9e, findElement {value=Preference, using=accessibility id}]
Capabilities {appium:app: d:\MobReview\NewMobileAuto\..., appium:appActivity: io.appium.android.apis.ApiD..., appium:appPackage: io.appium.android.apis, appium:automationName: UiAutomator2, appium:databaseEnabled: false, appium:desired: {app: d:\MobReview\NewMobileAuto\..., appActivity: io.appium.android.apis.ApiD..., appPackage: io.appium.android.apis, automationName: UiAutomator2, deviceName: Pixel7, platformName: ANDROID, systemPort: 0}, appium:deviceApiLevel: 34, appium:deviceManufacturer: Google, appium:deviceModel: sdk_gphone64_x86_64, appium:deviceName: emulator-5554, appium:deviceScreenDensity: 440, appium:deviceScreenSize: 1080x2220, appium:deviceUDID: emulator-5554, appium:javascriptEnabled: true, appium:locationContextEnabled: false, appium:networkConnectionEnabled: true, appium:pixelRatio: 2.75, appium:platformVersion: 14, appium:statBarHeight: 66, appium:systemPort: 0, appium:takesScreenshot: true, appium:viewportRect: {height: 2088, left: 0, top: 66, width: 1080}, appium:warnings: {}, appium:webStorageEnabled: false, platformName: ANDROID}
Session ID: f78669b6-b6de-4304-ab08-48ce238b2c9e
</error>
    <system-out><![CDATA[
@popup
Scenario: add wifi settings                              &amp#27;[90m# src/test/resources/features/PopUp.feature:3&amp#27;[0m
&amp#27;[35m[Appium]&amp#27;[39m Welcome to Appium v2.2.3
&amp#27;[35m[Appium]&amp#27;[39m Non-default server args:
&amp#27;[35m[Appium]&amp#27;[39m { port: &amp#27;[33m40174&amp#27;[39m, sessionOverride: &amp#27;[33mtrue&amp#27;[39m }
&amp#27;[35m[Appium]&amp#27;[39m Attempting to load driver chromium...
&amp#27;[35m[Appium]&amp#27;[39m Requiring driver at C:\Users\LENOVO\.appium\node_modules\appium-chromium-driver
&amp#27;[35m[Appium]&amp#27;[39m Attempting to load driver uiautomator2...
&amp#27;[35m[Appium]&amp#27;[39m Requiring driver at C:\Users\LENOVO\.appium\node_modules\appium-uiautomator2-driver
&amp#27;[35m[Appium]&amp#27;[39m Attempting to load driver xcuitest...
&amp#27;[35m[Appium]&amp#27;[39m Requiring driver at C:\Users\LENOVO\.appium\node_modules\appium-xcuitest-driver
&amp#27;[35m[Appium]&amp#27;[39m Attempting to load driver mac2...
&amp#27;[35m[Appium]&amp#27;[39m Requiring driver at C:\Users\LENOVO\.appium\node_modules\appium-mac2-driver
&amp#27;[35m[Appium]&amp#27;[39m Attempting to load driver espresso...
&amp#27;[35m[Appium]&amp#27;[39m Requiring driver at C:\Users\LENOVO\.appium\node_modules\appium-espresso-driver
&amp#27;[35m[Appium]&amp#27;[39m Attempting to load driver safari...
&amp#27;[35m[Appium]&amp#27;[39m Requiring driver at C:\Users\LENOVO\.appium\node_modules\appium-safari-driver
&amp#27;[35m[Appium]&amp#27;[39m Attempting to load driver gecko...
&amp#27;[35m[Appium]&amp#27;[39m Requiring driver at C:\Users\LENOVO\.appium\node_modules\appium-geckodriver
(node:9904) MaxListenersExceededWarning: Possible EventEmitter memory leak detected. 11 exit listeners added to [process]. Use emitter.setMaxListeners() to increase limit
(Use `node --trace-warnings ...` to show where the warning was created)
&amp#27;[35m[Appium]&amp#27;[39m Appium REST http interface listener started on http://0.0.0.0:40174
&amp#27;[35m[Appium]&amp#27;[39m You can provide the following URLs in your client code to connect to this server:
&amp#27;[35m[Appium]&amp#27;[39m 	http://169.254.100.54:40174/
&amp#27;[35m[Appium]&amp#27;[39m 	http://169.254.218.130:40174/
&amp#27;[35m[Appium]&amp#27;[39m 	http://10.110.8.122:40174/
&amp#27;[35m[Appium]&amp#27;[39m 	http://127.0.0.1:40174/ (only accessible from the same host)
&amp#27;[35m[Appium]&amp#27;[39m Available drivers:
&amp#27;[35m[Appium]&amp#27;[39m   - chromium@1.2.61 (automationName 'Chromium')
&amp#27;[35m[Appium]&amp#27;[39m   - uiautomator2@2.34.2 (automationName 'UiAutomator2')
&amp#27;[35m[Appium]&amp#27;[39m   - xcuitest@5.12.1 (automationName 'XCUITest')
&amp#27;[35m[Appium]&amp#27;[39m   - mac2@1.8.9 (automationName 'Mac2')
&amp#27;[35m[Appium]&amp#27;[39m   - espresso@2.29.3 (automationName 'Espresso')
&amp#27;[35m[Appium]&amp#27;[39m   - safari@3.5.9 (automationName 'Safari')
&amp#27;[35m[Appium]&amp#27;[39m   - gecko@1.2.10 (automationName 'Gecko')
&amp#27;[35m[Appium]&amp#27;[39m Available plugins:
&amp#27;[35m[Appium]&amp#27;[39m   - images@2.1.8
&amp#27;[35m[Appium]&amp#27;[39m   - execute-driver@3.0.21
&amp#27;[35m[Appium]&amp#27;[39m   - relaxed-caps@1.0.5
&amp#27;[35m[Appium]&amp#27;[39m   - universal-xml@1.0.15
&amp#27;[35m[Appium]&amp#27;[39m No plugins activated. Use the --use-plugins flag with names of plugins to activate
&amp#27;[38;5;0m[HTTP]&amp#27;[0m &amp#27;[37m-->&amp#27;[39m &amp#27;[37mGET&amp#27;[39m &amp#27;[37m/status&amp#27;[39m
&amp#27;[38;5;0m[HTTP]&amp#27;[0m &amp#27;[90m{}&amp#27;[39m
&amp#27;[38;5;16m[AppiumDriver@69a2]&amp#27;[0m Calling AppiumDriver.getStatus() with args: []
&amp#27;[38;5;16m[AppiumDriver@69a2]&amp#27;[0m Responding to client with driver.getStatus() result: {"ready":true,"message":"The server is ready to accept new connections","build":{"version":"2.2.3"}}
&amp#27;[38;5;0m[HTTP]&amp#27;[0m &amp#27;[37m<-- GET /status &amp#27;[39m&amp#27;[32m200&amp#27;[39m &amp#27;[90m35 ms - 110&amp#27;[39m
&amp#27;[38;5;0m[HTTP]&amp#27;[0m &amp#27;[90m&amp#27;[39m
&amp#27;[38;5;0m[HTTP]&amp#27;[0m &amp#27;[37m-->&amp#27;[39m &amp#27;[37mGET&amp#27;[39m &amp#27;[37m/status&amp#27;[39m
&amp#27;[38;5;0m[HTTP]&amp#27;[0m &amp#27;[90m{}&amp#27;[39m
&amp#27;[38;5;16m[AppiumDriver@69a2]&amp#27;[0m Calling AppiumDriver.getStatus() with args: []
&amp#27;[38;5;16m[AppiumDriver@69a2]&amp#27;[0m Responding to client with driver.getStatus() result: {"ready":true,"message":"The server is ready to accept new connections","build":{"version":"2.2.3"}}
&amp#27;[38;5;0m[HTTP]&amp#27;[0m &amp#27;[37m<-- GET /status &amp#27;[39m&amp#27;[32m200&amp#27;[39m &amp#27;[90m2 ms - 110&amp#27;[39m
&amp#27;[38;5;0m[HTTP]&amp#27;[0m &amp#27;[90m&amp#27;[39m
&amp#27;[38;5;0m[HTTP]&amp#27;[0m Request idempotency key: ab5789ef-ff00-42a2-ad64-3b784be7f566
&amp#27;[38;5;0m[HTTP]&amp#27;[0m &amp#27;[37m-->&amp#27;[39m &amp#27;[37mPOST&amp#27;[39m &amp#27;[37m/session&amp#27;[39m
&amp#27;[38;5;0m[HTTP]&amp#27;[0m &amp#27;[90m{"capabilities":{"firstMatch":[{}],"alwaysMatch":{"appium:systemPort":0,"appium:deviceName":"Pixel7","appium:app":"d:\\MobReview\\NewMobileAuto\\src\\test\\resources\\com\\mobframework\\app\\ApiDemos-debug.apk","appium:appActivity":"io.appium.android.apis.ApiDemos","platformName":"ANDROID","appium:automationName":"UiAutomator2","appium:appPackage":"io.appium.android.apis"}}}&amp#27;[39m
&amp#27;[38;5;16m[AppiumDriver@69a2]&amp#27;[0m Calling AppiumDriver.createSession() with args: [null,null,{"firstMatch":[{}],"alwaysMatch":{"appium:systemPort":0,"appium:deviceName":"Pixel7","appium:app":"d:\\MobReview\\NewMobileAuto\\src\\test\\resources\\com\\mobframework\\app\\ApiDemos-debug.apk","appium:appActivity":"io.appium.android.apis.ApiDemos","platformName":"ANDROID","appium:automationName":"UiAutomator2","appium:appPackage":"io.appium.android.apis"}}]
&amp#27;[38;5;16m[AppiumDriver@69a2]&amp#27;[0m Event 'newSessionRequested' logged at 1707923797852 (17:16:37 GMT+0200 (Central Africa Time))
&amp#27;[35m[Appium]&amp#27;[39m Attempting to find matching driver for automationName 'UiAutomator2' and platformName 'ANDROID'
&amp#27;[35m[Appium]&amp#27;[39m The 'uiautomator2' driver was installed and matched caps.
&amp#27;[35m[Appium]&amp#27;[39m Will require it at C:\Users\LENOVO\.appium\node_modules\appium-uiautomator2-driver
&amp#27;[35m[Appium]&amp#27;[39m Requiring driver at C:\Users\LENOVO\.appium\node_modules\appium-uiautomator2-driver
&amp#27;[38;5;16m[AppiumDriver@69a2]&amp#27;[0m Appium v2.2.3 creating new AndroidUiautomator2Driver (v2.34.2) session
&amp#27;[38;5;16m[AppiumDriver@69a2]&amp#27;[0m Checking BaseDriver versions for Appium and AndroidUiautomator2Driver
&amp#27;[38;5;16m[AppiumDriver@69a2]&amp#27;[0m Appium's BaseDriver version is 9.4.3
&amp#27;[38;5;16m[AppiumDriver@69a2]&amp#27;[0m AndroidUiautomator2Driver's BaseDriver version is 9.4.3
&amp#27;[38;5;16m[AppiumDriver@69a2]&amp#27;[0m There are no active sessions for cleanup
&amp#27;[38;5;32m[AndroidUiautomator2Driver@451f]&amp#27;[0m Creating session with W3C capabilities: {
&amp#27;[38;5;32m[AndroidUiautomator2Driver@451f]&amp#27;[0m   "alwaysMatch": {
&amp#27;[38;5;32m[AndroidUiautomator2Driver@451f]&amp#27;[0m     "platformName": "ANDROID",
&amp#27;[38;5;32m[AndroidUiautomator2Driver@451f]&amp#27;[0m     "appium:systemPort": 0,
&amp#27;[38;5;32m[AndroidUiautomator2Driver@451f]&amp#27;[0m     "appium:deviceName": "Pixel7",
&amp#27;[38;5;32m[AndroidUiautomator2Driver@451f]&amp#27;[0m     "appium:app": "d:\\MobReview\\NewMobileAuto\\src\\test\\resources\\com\\mobframework\\app\\ApiDemos-debug.apk",
&amp#27;[38;5;32m[AndroidUiautomator2Driver@451f]&amp#27;[0m     "appium:appActivity": "io.appium.android.apis.ApiDemos",
&amp#27;[38;5;32m[AndroidUiautomator2Driver@451f]&amp#27;[0m     "appium:automationName": "UiAutomator2",
&amp#27;[38;5;32m[AndroidUiautomator2Driver@451f]&amp#27;[0m     "appium:appPackage": "io.appium.android.apis"
&amp#27;[38;5;32m[AndroidUiautomator2Driver@451f]&amp#27;[0m   },
&amp#27;[38;5;32m[AndroidUiautomator2Driver@451f]&amp#27;[0m   "firstMatch": [
&amp#27;[38;5;32m[AndroidUiautomator2Driver@451f]&amp#27;[0m     {}
&amp#27;[38;5;32m[AndroidUiautomator2Driver@451f]&amp#27;[0m   ]
&amp#27;[38;5;32m[AndroidUiautomator2Driver@451f]&amp#27;[0m }
&amp#27;[38;5;32m[AndroidUiautomator2Driver@451f (f78669b6)]&amp#27;[0m Session created with session id: f78669b6-b6de-4304-ab08-48ce238b2c9e
&amp#27;[38;5;48m[BaseDriver]&amp#27;[0m Using local app 'd:\MobReview\NewMobileAuto\src\test\resources\com\mobframework\app\ApiDemos-debug.apk'
&amp#27;[38;5;32m[AndroidUiautomator2Driver@451f (f78669b6)]&amp#27;[0m Checking whether app is actually present
&amp#27;[38;5;64m[ADB]&amp#27;[0m Found 2 'build-tools' folders under 'C:\Users\LENOVO\AppData\Local\Android\Sdk' (newest first):
&amp#27;[38;5;64m[ADB]&amp#27;[0m     C:\Users\LENOVO\AppData\Local\Android\Sdk\build-tools\34.0.0
&amp#27;[38;5;64m[ADB]&amp#27;[0m     C:\Users\LENOVO\AppData\Local\Android\Sdk\build-tools\33.0.1
&amp#27;[38;5;64m[ADB]&amp#27;[0m Using 'adb.exe' from 'C:\Users\LENOVO\AppData\Local\Android\Sdk\platform-tools\adb.exe'
&amp#27;[38;5;64m[ADB]&amp#27;[0m Running 'C:\Users\LENOVO\AppData\Local\Android\Sdk\platform-tools\adb.exe -P 5037 start-server'
&amp#27;[38;5;80m[AndroidDriver]&amp#27;[0m Retrieving device list
&amp#27;[38;5;64m[ADB]&amp#27;[0m Trying to find connected Android devices
&amp#27;[38;5;64m[ADB]&amp#27;[0m Getting connected devices
&amp#27;[38;5;64m[ADB]&amp#27;[0m Connected devices: [{"udid":"emulator-5554","state":"device"}]
&amp#27;[38;5;80m[AndroidDriver]&amp#27;[0m Using device: emulator-5554
&amp#27;[38;5;64m[ADB]&amp#27;[0m Using 'adb.exe' from 'C:\Users\LENOVO\AppData\Local\Android\Sdk\platform-tools\adb.exe'
&amp#27;[38;5;64m[ADB]&amp#27;[0m Running 'C:\Users\LENOVO\AppData\Local\Android\Sdk\platform-tools\adb.exe -P 5037 start-server'
&amp#27;[38;5;64m[ADB]&amp#27;[0m Setting device id to emulator-5554
&amp#27;[38;5;64m[ADB]&amp#27;[0m Running 'C:\Users\LENOVO\AppData\Local\Android\Sdk\platform-tools\adb.exe -P 5037 -s emulator-5554 shell getprop ro.build.version.sdk'
&amp#27;[38;5;64m[ADB]&amp#27;[0m Current device property 'ro.build.version.sdk': 34
&amp#27;[38;5;64m[ADB]&amp#27;[0m Getting device platform version
&amp#27;[38;5;64m[ADB]&amp#27;[0m Running 'C:\Users\LENOVO\AppData\Local\Android\Sdk\platform-tools\adb.exe -P 5037 -s emulator-5554 shell getprop ro.build.version.release'
&amp#27;[38;5;64m[ADB]&amp#27;[0m Current device property 'ro.build.version.release': 14
&amp#27;[38;5;64m[ADB]&amp#27;[0m Device API level: 34
&amp#27;[38;5;32m[AndroidUiautomator2Driver@451f (f78669b6)]&amp#27;[0m Relaxing hidden api policy
&amp#27;[38;5;64m[ADB]&amp#27;[0m Running 'C:\Users\LENOVO\AppData\Local\Android\Sdk\platform-tools\adb.exe -P 5037 -s emulator-5554 shell 'settings put global hidden_api_policy_pre_p_apps 1;settings put global hidden_api_policy_p_apps 1;settings put global hidden_api_policy 1''
&amp#27;[38;5;64m[ADB]&amp#27;[0m Running 'C:\Users\LENOVO\AppData\Local\Android\Sdk\platform-tools\adb.exe -P 5037 -s emulator-5554 wait-for-device'
&amp#27;[38;5;64m[ADB]&amp#27;[0m Running 'C:\Users\LENOVO\AppData\Local\Android\Sdk\platform-tools\adb.exe -P 5037 -s emulator-5554 shell echo ping'
&amp#27;[38;5;80m[AndroidDriver]&amp#27;[0m Pushing settings apk to device...
&amp#27;[38;5;64m[ADB]&amp#27;[0m Getting package info for 'io.appium.settings'
&amp#27;[38;5;64m[ADB]&amp#27;[0m Running 'C:\Users\LENOVO\AppData\Local\Android\Sdk\platform-tools\adb.exe -P 5037 -s emulator-5554 shell dumpsys package io.appium.settings'
&amp#27;[38;5;64m[ADB]&amp#27;[0m The version name of the installed 'io.appium.settings' is greater or equal to the application version name ('5.2.0' >= '5.2.0')
&amp#27;[38;5;64m[ADB]&amp#27;[0m There is no need to install/upgrade 'C:\Users\LENOVO\.appium\node_modules\appium-uiautomator2-driver\node_modules\io.appium.settings\apks\settings_apk-debug.apk'
&amp#27;[38;5;64m[ADB]&amp#27;[0m Getting IDs of all 'io.appium.settings' processes
&amp#27;[38;5;64m[ADB]&amp#27;[0m Running 'C:\Users\LENOVO\AppData\Local\Android\Sdk\platform-tools\adb.exe -P 5037 -s emulator-5554 shell 'pgrep --help; echo $?''
&amp#27;[38;5;64m[ADB]&amp#27;[0m Running 'C:\Users\LENOVO\AppData\Local\Android\Sdk\platform-tools\adb.exe -P 5037 -s emulator-5554 shell pgrep -f \(\[\[:blank:\]\]\|\^\)io\.appium\.settings\(\[\[:blank:\]\]\|\$\)'
&amp#27;[38;5;80m[AndroidDriver]&amp#27;[0m io.appium.settings is already running. There is no need to reset its permissions.
&amp#27;[38;5;96m[Logcat]&amp#27;[0m Starting logs capture with command: C:\\Users\\LENOVO\\AppData\\Local\\Android\\Sdk\\platform-tools\\adb.exe -P 5037 -s emulator-5554 logcat -v threadtime
&amp#27;[38;5;32m[AndroidUiautomator2Driver@451f (f78669b6)]&amp#27;[0m Forwarding UiAutomator2 Server port 6790 to local port 8200
&amp#27;[38;5;64m[ADB]&amp#27;[0m Forwarding system: 8200 to device: 6790
&amp#27;[38;5;64m[ADB]&amp#27;[0m Running 'C:\Users\LENOVO\AppData\Local\Android\Sdk\platform-tools\adb.exe -P 5037 -s emulator-5554 forward tcp:8200 tcp:6790'
&amp#27;[38;5;64m[ADB]&amp#27;[0m Checking app cert for C:\Users\LENOVO\.appium\node_modules\appium-uiautomator2-driver\node_modules\appium-uiautomator2-server\apks\appium-uiautomator2-server-v5.12.16.apk
&amp#27;[38;5;64m[ADB]&amp#27;[0m Checking app cert for C:\Users\LENOVO\.appium\node_modules\appium-uiautomator2-driver\node_modules\appium-uiautomator2-server\apks\appium-uiautomator2-server-debug-androidTest.apk
&amp#27;[38;5;64m[ADB]&amp#27;[0m Using 'apksigner.jar' from 'C:\Users\LENOVO\AppData\Local\Android\Sdk\build-tools\34.0.0\lib\apksigner.jar'
&amp#27;[38;5;64m[ADB]&amp#27;[0m Starting apksigner: 'C:\\Program Files\\Java\\jdk-20\\bin\\java.exe' -Xmx1024M -Xss1m -jar C:\\Users\\LENOVO\\AppData\\Local\\Android\\Sdk\\build-tools\\34.0.0\\lib\\apksigner.jar verify --print-certs C:\\Users\\LENOVO\\.appium\\node_modules\\appium-uiautomator2-driver\\node_modules\\appium-uiautomator2-server\\apks\\appium-uiautomator2-server-debug-androidTest.apk
&amp#27;[38;5;64m[ADB]&amp#27;[0m Starting apksigner: 'C:\\Program Files\\Java\\jdk-20\\bin\\java.exe' -Xmx1024M -Xss1m -jar C:\\Users\\LENOVO\\AppData\\Local\\Android\\Sdk\\build-tools\\34.0.0\\lib\\apksigner.jar verify --print-certs C:\\Users\\LENOVO\\.appium\\node_modules\\appium-uiautomator2-driver\\node_modules\\appium-uiautomator2-server\\apks\\appium-uiautomator2-server-v5.12.16.apk
&amp#27;[38;5;64m[ADB]&amp#27;[0m apksigner stdout: Signer #1 certificate DN: EMAILADDRESS=android@android.com, CN=Android, OU=Android, O=Android, L=Mountain View, ST=California, C=US
&amp#27;[38;5;64m[ADB]&amp#27;[0m Signer #1 certificate SHA-256 digest: a40da80a59d170caa950cf15c18c454d47a39b26989d8b640ecd745ba71bf5dc
&amp#27;[38;5;64m[ADB]&amp#27;[0m Signer #1 certificate SHA-1 digest: 61ed377e85d386a8dfee6b864bd85b0bfaa5af81
&amp#27;[38;5;64m[ADB]&amp#27;[0m Signer #1 certificate MD5 digest: e89b158e4bcf988ebd09eb83f5378e87
&amp#27;[38;5;64m[ADB]&amp#27;[0m 
&amp#27;[38;5;64m[ADB]&amp#27;[0m sha256 hash did match for 'appium-uiautomator2-server-debug-androidTest.apk'
&amp#27;[38;5;64m[ADB]&amp#27;[0m 'C:\Users\LENOVO\.appium\node_modules\appium-uiautomator2-driver\node_modules\appium-uiautomator2-server\apks\appium-uiautomator2-server-debug-androidTest.apk' is signed with the default certificate
&amp#27;[38;5;64m[ADB]&amp#27;[0m Getting install status for io.appium.uiautomator2.server.test
&amp#27;[38;5;64m[ADB]&amp#27;[0m Running 'C:\Users\LENOVO\AppData\Local\Android\Sdk\platform-tools\adb.exe -P 5037 -s emulator-5554 shell pm path io.appium.uiautomator2.server.test'
&amp#27;[38;5;64m[ADB]&amp#27;[0m 'io.appium.uiautomator2.server.test' is installed
&amp#27;[38;5;64m[ADB]&amp#27;[0m apksigner stdout: Signer #1 certificate DN: EMAILADDRESS=android@android.com, CN=Android, OU=Android, O=Android, L=Mountain View, ST=California, C=US
&amp#27;[38;5;64m[ADB]&amp#27;[0m Signer #1 certificate SHA-256 digest: a40da80a59d170caa950cf15c18c454d47a39b26989d8b640ecd745ba71bf5dc
&amp#27;[38;5;64m[ADB]&amp#27;[0m Signer #1 certificate SHA-1 digest: 61ed377e85d386a8dfee6b864bd85b0bfaa5af81
&amp#27;[38;5;64m[ADB]&amp#27;[0m Signer #1 certificate MD5 digest: e89b158e4bcf988ebd09eb83f5378e87
&amp#27;[38;5;64m[ADB]&amp#27;[0m 
&amp#27;[38;5;64m[ADB]&amp#27;[0m sha256 hash did match for 'appium-uiautomator2-server-v5.12.16.apk'
&amp#27;[38;5;64m[ADB]&amp#27;[0m 'C:\Users\LENOVO\.appium\node_modules\appium-uiautomator2-driver\node_modules\appium-uiautomator2-server\apks\appium-uiautomator2-server-v5.12.16.apk' is signed with the default certificate
&amp#27;[38;5;64m[ADB]&amp#27;[0m Getting package info for 'io.appium.uiautomator2.server'
&amp#27;[38;5;64m[ADB]&amp#27;[0m Running 'C:\Users\LENOVO\AppData\Local\Android\Sdk\platform-tools\adb.exe -P 5037 -s emulator-5554 shell dumpsys package io.appium.uiautomator2.server'
&amp#27;[38;5;64m[ADB]&amp#27;[0m The version name of the installed 'io.appium.uiautomator2.server' is greater or equal to the application version name ('5.12.16' >= '5.12.16')
&amp#27;[38;5;32m[AndroidUiautomator2Driver@451f (f78669b6)]&amp#27;[0m Server packages status: [{"wasSigned":true,"installState":"sameVersionInstalled","appPath":"C:\\Users\\LENOVO\\.appium\\node_modules\\appium-uiautomator2-driver\\node_modules\\appium-uiautomator2-server\\apks\\appium-uiautomator2-server-v5.12.16.apk","appId":"io.appium.uiautomator2.server"},{"wasSigned":true,"installState":"sameVersionInstalled","appPath":"C:\\Users\\LENOVO\\.appium\\node_modules\\appium-uiautomator2-driver\\node_modules\\appium-uiautomator2-server\\apks\\appium-uiautomator2-server-debug-androidTest.apk","appId":"io.appium.uiautomator2.server.test"}]
&amp#27;[38;5;32m[AndroidUiautomator2Driver@451f (f78669b6)]&amp#27;[0m Server packages are not going to be (re)installed
&amp#27;[38;5;32m[AndroidUiautomator2Driver@451f (f78669b6)]&amp#27;[0m Waiting up to 30000ms for services to be available
&amp#27;[38;5;64m[ADB]&amp#27;[0m Running 'C:\Users\LENOVO\AppData\Local\Android\Sdk\platform-tools\adb.exe -P 5037 -s emulator-5554 shell pm list instrumentation'
&amp#27;[38;5;32m[AndroidUiautomator2Driver@451f (f78669b6)]&amp#27;[0m Instrumentation target 'io.appium.uiautomator2.server.test/androidx.test.runner.AndroidJUnitRunner' is available
&amp#27;[38;5;64m[ADB]&amp#27;[0m Adding packages ["io.appium.settings","io.appium.uiautomator2.server","io.appium.uiautomator2.server.test"] to Doze whitelist
&amp#27;[38;5;64m[ADB]&amp#27;[0m Got the following command chunks to execute: [["dumpsys","deviceidle","whitelist","+io.appium.settings",";","dumpsys","deviceidle","whitelist","+io.appium.uiautomator2.server",";","dumpsys","deviceidle","whitelist","+io.appium.uiautomator2.server.test",";"]]
&amp#27;[38;5;64m[ADB]&amp#27;[0m Running 'C:\Users\LENOVO\AppData\Local\Android\Sdk\platform-tools\adb.exe -P 5037 -s emulator-5554 shell dumpsys deviceidle whitelist +io.appium.settings ; dumpsys deviceidle whitelist +io.appium.uiautomator2.server ; dumpsys deviceidle whitelist +io.appium.uiautomator2.server.test ;'
&amp#27;[38;5;64m[ADB]&amp#27;[0m Checking app cert for d:\MobReview\NewMobileAuto\src\test\resources\com\mobframework\app\ApiDemos-debug.apk
&amp#27;[38;5;64m[ADB]&amp#27;[0m Starting apksigner: 'C:\\Program Files\\Java\\jdk-20\\bin\\java.exe' -Xmx1024M -Xss1m -jar C:\\Users\\LENOVO\\AppData\\Local\\Android\\Sdk\\build-tools\\34.0.0\\lib\\apksigner.jar verify --print-certs d:\\MobReview\\NewMobileAuto\\src\\test\\resources\\com\\mobframework\\app\\ApiDemos-debug.apk
&amp#27;[38;5;64m[ADB]&amp#27;[0m apksigner stdout: Signer #1 certificate DN: EMAILADDRESS=android@android.com, CN=Android, OU=Android, O=Android, L=Mountain View, ST=California, C=US
&amp#27;[38;5;64m[ADB]&amp#27;[0m Signer #1 certificate SHA-256 digest: a40da80a59d170caa950cf15c18c454d47a39b26989d8b640ecd745ba71bf5dc
&amp#27;[38;5;64m[ADB]&amp#27;[0m Signer #1 certificate SHA-1 digest: 61ed377e85d386a8dfee6b864bd85b0bfaa5af81
&amp#27;[38;5;64m[ADB]&amp#27;[0m Signer #1 certificate MD5 digest: e89b158e4bcf988ebd09eb83f5378e87
&amp#27;[38;5;64m[ADB]&amp#27;[0m 
&amp#27;[38;5;64m[ADB]&amp#27;[0m sha256 hash did match for 'ApiDemos-debug.apk'
&amp#27;[38;5;64m[ADB]&amp#27;[0m 'd:\MobReview\NewMobileAuto\src\test\resources\com\mobframework\app\ApiDemos-debug.apk' is signed with the default certificate
&amp#27;[38;5;64m[ADB]&amp#27;[0m Getting package info for 'io.appium.android.apis'
&amp#27;[38;5;64m[ADB]&amp#27;[0m Running 'C:\Users\LENOVO\AppData\Local\Android\Sdk\platform-tools\adb.exe -P 5037 -s emulator-5554 shell dumpsys package io.appium.android.apis'
&amp#27;[38;5;64m[ADB]&amp#27;[0m The version name of the installed 'io.appium.android.apis' is greater or equal to the application version name ('4.0.0' >= '4.0.0')
&amp#27;[38;5;64m[ADB]&amp#27;[0m There is no need to install/upgrade 'd:\MobReview\NewMobileAuto\src\test\resources\com\mobframework\app\ApiDemos-debug.apk'
&amp#27;[38;5;80m[AndroidDriver]&amp#27;[0m Performing fast reset on 'io.appium.android.apis'
&amp#27;[38;5;64m[ADB]&amp#27;[0m Getting install status for io.appium.android.apis
&amp#27;[38;5;64m[ADB]&amp#27;[0m Running 'C:\Users\LENOVO\AppData\Local\Android\Sdk\platform-tools\adb.exe -P 5037 -s emulator-5554 shell pm path io.appium.android.apis'
&amp#27;[38;5;64m[ADB]&amp#27;[0m 'io.appium.android.apis' is installed
&amp#27;[38;5;64m[ADB]&amp#27;[0m Running 'C:\Users\LENOVO\AppData\Local\Android\Sdk\platform-tools\adb.exe -P 5037 -s emulator-5554 shell am force-stop io.appium.android.apis'
&amp#27;[38;5;64m[ADB]&amp#27;[0m Running 'C:\Users\LENOVO\AppData\Local\Android\Sdk\platform-tools\adb.exe -P 5037 -s emulator-5554 shell pm clear io.appium.android.apis'
&amp#27;[38;5;80m[AndroidDriver]&amp#27;[0m Performed fast reset on the installed 'io.appium.android.apis' application (stop and clear)
&amp#27;[38;5;32m[AndroidUiautomator2Driver@451f (f78669b6)]&amp#27;[0m Performing shallow cleanup of automation leftovers
&amp#27;[38;5;32m[AndroidUiautomator2Driver@451f (f78669b6)]&amp#27;[0m No obsolete sessions have been detected
&amp#27;[38;5;64m[ADB]&amp#27;[0m Running 'C:\Users\LENOVO\AppData\Local\Android\Sdk\platform-tools\adb.exe -P 5037 -s emulator-5554 shell am force-stop io.appium.uiautomator2.server.test'
&amp#27;[38;5;32m[AndroidUiautomator2Driver@451f (f78669b6)]&amp#27;[0m The io.appium.uiautomator2.server.test process might fail to stop within 3000ms timeout.
&amp#27;[38;5;32m[AndroidUiautomator2Driver@451f (f78669b6)]&amp#27;[0m Starting UIAutomator2 server 5.12.16
&amp#27;[38;5;32m[AndroidUiautomator2Driver@451f (f78669b6)]&amp#27;[0m Using UIAutomator2 server from 'C:\Users\LENOVO\.appium\node_modules\appium-uiautomator2-driver\node_modules\appium-uiautomator2-server\apks\appium-uiautomator2-server-v5.12.16.apk' and test from 'C:\Users\LENOVO\.appium\node_modules\appium-uiautomator2-driver\node_modules\appium-uiautomator2-server\apks\appium-uiautomator2-server-debug-androidTest.apk'
&amp#27;[38;5;32m[AndroidUiautomator2Driver@451f (f78669b6)]&amp#27;[0m Waiting up to 30000ms for UiAutomator2 to be online...
&amp#27;[38;5;64m[ADB]&amp#27;[0m Creating ADB subprocess with args: ["-P","5037","-s","emulator-5554","shell","am","instrument","-w","-e","disableAnalytics","true","io.appium.uiautomator2.server.test/androidx.test.runner.AndroidJUnitRunner"]
&amp#27;[38;5;32m[AndroidUiautomator2Driver@451f (f78669b6)]&amp#27;[0m Matched '/status' to command name 'getStatus'
&amp#27;[38;5;32m[AndroidUiautomator2Driver@451f (f78669b6)]&amp#27;[0m Proxying [GET /status] to [GET http://127.0.0.1:8200/status] with no body
&amp#27;[38;5;32m[AndroidUiautomator2Driver@451f (f78669b6)]&amp#27;[0m Got response with status 200: {"sessionId":"None","value":{"message":"UiAutomator2 Server is ready to accept commands","ready":true}}
&amp#27;[38;5;32m[AndroidUiautomator2Driver@451f (f78669b6)]&amp#27;[0m The initialization of the instrumentation process took 54ms
&amp#27;[38;5;32m[AndroidUiautomator2Driver@451f (f78669b6)]&amp#27;[0m Matched '/session' to command name 'createSession'
&amp#27;[38;5;32m[AndroidUiautomator2Driver@451f (f78669b6)]&amp#27;[0m Proxying [POST /session] to [POST http://127.0.0.1:8200/session] with body: {"capabilities":{"firstMatch":[{"platformName":"ANDROID","systemPort":0,"deviceName":"emulator-5554","app":"d:\\MobReview\\NewMobileAuto\\src\\test\\resources\\com\\mobframework\\app\\ApiDemos-debug.apk","appActivity":"io.appium.android.apis.ApiDemos","automationName":"UiAutomator2","appPackage":"io.appium.android.apis","platform":"LINUX","webStorageEnabled":false,"takesScreenshot":true,"javascriptEnabled":true,"databaseEnabled":false,"networkConnectionEnabled":true,"locationContextEnabled":false,"warnings":{},"desired":{"platformName":"ANDROID","systemPort":0,"deviceName":"Pixel7","app":"d:\\MobReview\\NewMobileAuto\\src\\test\\resources\\com\\mobframework\\app\\ApiDemos-debug.apk","appActivity":"io.appium.android.apis.ApiDemos","automationName":"UiAutomator2","appPackage":"io.appium.android.apis"},"deviceUDID":"emulator-5554"}],"alwaysMatch":{}}}
&amp#27;[38;5;32m[AndroidUiautomator2Driver@451f (f78669b6)]&amp#27;[0m Got response with status 200: {"sessionId":"11335265-d83b-47c5-b9a3-1325d58fd178","value":{"capabilities":{"firstMatch":[{"platformName":"ANDROID","systemPort":0,"deviceName":"emulator-5554","app":"d:\\MobReview\\NewMobileAuto\\src\\test\\resources\\com\\mobframework\\app\\ApiDemos-debug.apk","appActivity":"io.appium.android.apis.ApiDemos","automationName":"UiAutomator2","appPackage":"io.appium.android.apis","platform":"LINUX","webStorageEnabled":false,"takesScreenshot":true,"javascriptEnabled":true,"databaseEnabled":false,"networkConnectionEnabled":true,"locationContextEnabled":false,"warnings":{},"desired":{"platformName":"ANDROID","systemPort":0,"deviceName":"Pixel7","app":"d:\\MobReview\\NewMobileAuto\\src\\test\\resources\\com\\mobframework\\app\\ApiDemos-debug.apk","appActivity":"io.appium.android.apis.ApiDemos","automationName":"UiAutomator2","appPackage":"io.appium.android.apis"},"deviceUDID":"emulator-5554"}],"alwaysMatch":{}},"sessionId":"11335265-d83b-47c5-b9a3-1325d58fd178"}}
&amp#27;[38;5;32m[AndroidUiautomator2Driver@451f (f78669b6)]&amp#27;[0m Determined the downstream protocol as 'W3C'
&amp#27;[38;5;32m[AndroidUiautomator2Driver@451f (f78669b6)]&amp#27;[0m Proxying [GET /appium/device/pixel_ratio] to [GET http://127.0.0.1:8200/session/11335265-d83b-47c5-b9a3-1325d58fd178/appium/device/pixel_ratio] with no body
&amp#27;[38;5;32m[AndroidUiautomator2Driver@451f (f78669b6)]&amp#27;[0m Matched '/appium/device/system_bars' to command name 'getSystemBars'
&amp#27;[38;5;32m[AndroidUiautomator2Driver@451f (f78669b6)]&amp#27;[0m Proxying [GET /appium/device/system_bars] to [GET http://127.0.0.1:8200/session/11335265-d83b-47c5-b9a3-1325d58fd178/appium/device/system_bars] with no body
&amp#27;[38;5;32m[AndroidUiautomator2Driver@451f (f78669b6)]&amp#27;[0m Matched '/window/current/size' to command name 'getWindowSize'
&amp#27;[38;5;32m[AndroidUiautomator2Driver@451f (f78669b6)]&amp#27;[0m Proxying [GET /window/current/size] to [GET http://127.0.0.1:8200/session/11335265-d83b-47c5-b9a3-1325d58fd178/window/current/size] with no body
&amp#27;[38;5;32m[AndroidUiautomator2Driver@451f (f78669b6)]&amp#27;[0m Proxying [GET /appium/device/info] to [GET http://127.0.0.1:8200/session/11335265-d83b-47c5-b9a3-1325d58fd178/appium/device/info] with no body
&amp#27;[38;5;64m[ADB]&amp#27;[0m Running 'C:\Users\LENOVO\AppData\Local\Android\Sdk\platform-tools\adb.exe -P 5037 -s emulator-5554 shell dumpsys window'
&amp#27;[38;5;32m[AndroidUiautomator2Driver@451f (f78669b6)]&amp#27;[0m Got response with status 200: {"sessionId":"11335265-d83b-47c5-b9a3-1325d58fd178","value":2.75}
&amp#27;[38;5;32m[AndroidUiautomator2Driver@451f (f78669b6)]&amp#27;[0m Got response with status 200: {"sessionId":"11335265-d83b-47c5-b9a3-1325d58fd178","value":{"height":2154,"width":1080}}
&amp#27;[38;5;32m[AndroidUiautomator2Driver@451f (f78669b6)]&amp#27;[0m Got response with status 200: {"sessionId":"11335265-d83b-47c5-b9a3-1325d58fd178","value":{"statusBar":66}}
&amp#27;[38;5;32m[AndroidUiautomator2Driver@451f (f78669b6)]&amp#27;[0m Got response with status 200: {"sessionId":"11335265-d83b-47c5-b9a3-1325d58fd178","value":{"androidId":"da9286c2e4b14c7c","apiVersion":"34","bluetooth":{"state":"ON"},"brand":"google","carrierName":"T-Mobile","displayDensity":440,"locale":"en_US","manufacturer":"Google","model":"sdk_gphone64_x86_64","networks":[{"capabilities":{"SSID":null,"linkDownBandwidthKbps":30000,"linkUpstreamBandwidthKbps":12000,"networkCapabilities":"NET_CAPABILITY_NOT_METERED,NET_CAPABILITY_INTERNET,NET_CAPABILITY_NOT_RESTRICTED,NET_CAPABILITY_TRUSTED,NET_CAPABILITY_NOT_VPN,NET_CAPABILITY_VALIDATED,NET_CAPABILITY_NOT_ROAMING,NET_CAPABILITY_FOREGROUND,NET_CAPABILITY_NOT_CONGESTED,NET_CAPABILITY_NOT_SUSPENDED","signalStrength":-50,"transportTypes":"TRANSPORT_WIFI"},"detailedState":"CONNECTED","extraInfo":"","isAvailable":true,"isConnected":true,"isFailover":false,"isRoaming":false,"state":"CONNECTED","subtype":-1,"subtypeName":"","type":1,"typeName":"WIFI"},{"capabilities":{"SSID":null,"linkDownBandwidthKbps":4300,"linkUpstreamBandwidthKbps":1800,"networkCapabil...
&amp#27;[38;5;80m[AndroidDriver]&amp#27;[0m Screen already unlocked, doing nothing
&amp#27;[38;5;32m[AndroidUiautomator2Driver@451f (f78669b6)]&amp#27;[0m Starting 'io.appium.android.apis/io.appium.android.apis.ApiDemos and waiting for 'io.appium.android.apis/io.appium.android.apis.ApiDemos'
&amp#27;[38;5;64m[ADB]&amp#27;[0m Running 'C:\Users\LENOVO\AppData\Local\Android\Sdk\platform-tools\adb.exe -P 5037 -s emulator-5554 shell am start -W -n io.appium.android.apis/io.appium.android.apis.ApiDemos -S -a android.intent.action.MAIN -c android.intent.category.LAUNCHER -f 0x10200000'
&amp#27;[38;5;112m[Instrumentation]&amp#27;[0m io.appium.uiautomator2.server.test.AppiumUiAutomator2Server:
&amp#27;[38;5;16m[AppiumDriver@69a2]&amp#27;[0m New AndroidUiautomator2Driver session created successfully, session f78669b6-b6de-4304-ab08-48ce238b2c9e added to master session list
&amp#27;[38;5;16m[AppiumDriver@69a2]&amp#27;[0m Event 'newSessionStarted' logged at 1707923808268 (17:16:48 GMT+0200 (Central Africa Time))
&amp#27;[38;5;32m[AndroidUiautomator2Driver@451f (f78669b6)]&amp#27;[0m Cached the protocol value 'W3C' for the new session f78669b6-b6de-4304-ab08-48ce238b2c9e
&amp#27;[38;5;32m[AndroidUiautomator2Driver@451f (f78669b6)]&amp#27;[0m Responding to client with driver.createSession() result: {"capabilities":{"platformName":"ANDROID","systemPort":0,"deviceName":"emulator-5554","app":"d:\\MobReview\\NewMobileAuto\\src\\test\\resources\\com\\mobframework\\app\\ApiDemos-debug.apk","appActivity":"io.appium.android.apis.ApiDemos","automationName":"UiAutomator2","appPackage":"io.appium.android.apis","platform":"LINUX","webStorageEnabled":false,"takesScreenshot":true,"javascriptEnabled":true,"databaseEnabled":false,"networkConnectionEnabled":true,"locationContextEnabled":false,"warnings":{},"desired":{"platformName":"ANDROID","systemPort":0,"deviceName":"Pixel7","app":"d:\\MobReview\\NewMobileAuto\\src\\test\\resources\\com\\mobframework\\app\\ApiDemos-debug.apk","appActivity":"io.appium.android.apis.ApiDemos","automationName":"UiAutomator2","appPackage":"io.appium.android.apis"},"deviceUDID":"emulator-5554","pixelRatio":"2.75","statBarHeight":66,"viewportRect":{"left":0,"top":66,"width":1080,"height":2088},"deviceApiLevel":34,"platformVersion":"14","deviceManufacturer":"Google","deviceModel":"sdk_gph...
&amp#27;[38;5;0m[HTTP]&amp#27;[0m &amp#27;[37m<-- POST /session &amp#27;[39m&amp#27;[32m200&amp#27;[39m &amp#27;[90m10427 ms - 1154&amp#27;[39m
&amp#27;[38;5;0m[HTTP]&amp#27;[0m &amp#27;[90m&amp#27;[39m
&amp#27;[38;5;0m[HTTP]&amp#27;[0m &amp#27;[37m-->&amp#27;[39m &amp#27;[37mPOST&amp#27;[39m &amp#27;[37m/session/f78669b6-b6de-4304-ab08-48ce238b2c9e/appium/start_recording_screen&amp#27;[39m
&amp#27;[38;5;0m[HTTP]&amp#27;[0m &amp#27;[90m{}&amp#27;[39m
&amp#27;[38;5;32m[AndroidUiautomator2Driver@451f (f78669b6)]&amp#27;[0m Calling AppiumDriver.startRecordingScreen() with args: [null,"f78669b6-b6de-4304-ab08-48ce238b2c9e"]
&amp#27;[38;5;64m[ADB]&amp#27;[0m Getting IDs of all 'screenrecord' processes
&amp#27;[38;5;64m[ADB]&amp#27;[0m Running 'C:\Users\LENOVO\AppData\Local\Android\Sdk\platform-tools\adb.exe -P 5037 -s emulator-5554 shell pgrep -f \(\[\[:blank:\]\]\|\^\)screenrecord\(\[\[:blank:\]\]\|\$\)'
&amp#27;[38;5;64m[ADB]&amp#27;[0m Running 'C:\Users\LENOVO\AppData\Local\Android\Sdk\platform-tools\adb.exe -P 5037 -s emulator-5554 shell kill -2 13906'
&amp#27;[38;5;64m[ADB]&amp#27;[0m Getting IDs of all 'screenrecord' processes
&amp#27;[38;5;64m[ADB]&amp#27;[0m Running 'C:\Users\LENOVO\AppData\Local\Android\Sdk\platform-tools\adb.exe -P 5037 -s emulator-5554 shell pgrep -f \(\[\[:blank:\]\]\|\^\)screenrecord\(\[\[:blank:\]\]\|\$\)'
&amp#27;[38;5;32m[AndroidUiautomator2Driver@451f (f78669b6)]&amp#27;[0m Screen recording has not been previously started by Appium. There is nothing to stop
&amp#27;[38;5;64m[ADB]&amp#27;[0m Getting IDs of all 'screenrecord' processes
&amp#27;[38;5;64m[ADB]&amp#27;[0m Running 'C:\Users\LENOVO\AppData\Local\Android\Sdk\platform-tools\adb.exe -P 5037 -s emulator-5554 shell pgrep -f \(\[\[:blank:\]\]\|\^\)screenrecord\(\[\[:blank:\]\]\|\$\)'
&amp#27;[38;5;64m[ADB]&amp#27;[0m Building screenrecord process with the command line: adb -P 5037 -s emulator-5554 shell screenrecord --time-limit 180 /sdcard/42aa7200.mp4
&amp#27;[38;5;64m[ADB]&amp#27;[0m Running 'C:\Users\LENOVO\AppData\Local\Android\Sdk\platform-tools\adb.exe -P 5037 -s emulator-5554 shell "[ -e '/sdcard/42aa7200.mp4' ] && echo __PASS__"'
&amp#27;[38;5;64m[ADB]&amp#27;[0m Running 'C:\Users\LENOVO\AppData\Local\Android\Sdk\platform-tools\adb.exe -P 5037 -s emulator-5554 shell "[ -e '/sdcard/42aa7200.mp4' ] && echo __PASS__"'
&amp#27;[38;5;32m[AndroidUiautomator2Driver@451f (f78669b6)]&amp#27;[0m Responding to client with driver.startRecordingScreen() result: ""
&amp#27;[38;5;0m[HTTP]&amp#27;[0m &amp#27;[37m<-- POST /session/f78669b6-b6de-4304-ab08-48ce238b2c9e/appium/start_recording_screen &amp#27;[39m&amp#27;[32m200&amp#27;[39m &amp#27;[90m1007 ms - 12&amp#27;[39m
&amp#27;[38;5;0m[HTTP]&amp#27;[0m &amp#27;[90m&amp#27;[39m
&amp#27;[38;5;0m[HTTP]&amp#27;[0m &amp#27;[37m-->&amp#27;[39m &amp#27;[37mPOST&amp#27;[39m &amp#27;[37m/session/f78669b6-b6de-4304-ab08-48ce238b2c9e/element&amp#27;[39m
&amp#27;[38;5;0m[HTTP]&amp#27;[0m &amp#27;[90m{"value":"Preference","using":"accessibility id"}&amp#27;[39m
&amp#27;[38;5;32m[AndroidUiautomator2Driver@451f (f78669b6)]&amp#27;[0m Calling AppiumDriver.findElement() with args: ["accessibility id","Preference","f78669b6-b6de-4304-ab08-48ce238b2c9e"]
&amp#27;[38;5;32m[AndroidUiautomator2Driver@451f (f78669b6)]&amp#27;[0m Valid locator strategies for this request: xpath, id, class name, accessibility id, css selector, -android uiautomator
&amp#27;[38;5;32m[AndroidUiautomator2Driver@451f (f78669b6)]&amp#27;[0m Waiting up to 0 ms for condition
&amp#27;[38;5;32m[AndroidUiautomator2Driver@451f (f78669b6)]&amp#27;[0m Matched '/element' to command name 'findElement'
&amp#27;[38;5;32m[AndroidUiautomator2Driver@451f (f78669b6)]&amp#27;[0m Proxying [POST /element] to [POST http://127.0.0.1:8200/session/11335265-d83b-47c5-b9a3-1325d58fd178/element] with body: {"strategy":"accessibility id","selector":"Preference","context":"","multiple":false}
&amp#27;[38;5;32m[AndroidUiautomator2Driver@451f (f78669b6)]&amp#27;[0m Got response with status 404: {"sessionId":"11335265-d83b-47c5-b9a3-1325d58fd178","value":{"error":"invalid session id","message":"The session identified by 11335265-d83b-47c5-b9a3-1325d58fd178 is not known","stacktrace":"io.appium.uiautomator2.common.exceptions.NoSuchDriverException: The session identified by 11335265-d83b-47c5-b9a3-1325d58fd178 is not known\n\tat io.appium.uiautomator2.handler.request.SafeRequestHandler.handle(SafeRequestHandler.java:54)\n\tat io.appium.uiautomator2.server.AppiumServlet.handleRequest(AppiumServlet.java:277)\n\tat io.appium.uiautomator2.server.AppiumServlet.handleHttpRequest(AppiumServlet.java:271)\n\tat io.appium.uiautomator2.http.ServerHandler.channelRead(ServerHandler.java:77)\n\tat io.netty.channel.AbstractChannelHandlerContext.invokeChannelRead(AbstractChannelHandlerContext.java:366)\n\tat io.netty.channel.AbstractChannelHandlerContext.invokeChannelRead(AbstractChannelHandlerContext.java:352)\n\tat io.netty.channel.AbstractChannelHandlerContext.fireChannelRead(AbstractChannelHandlerContext.java:3...
&amp#27;[38;5;128m[W3C]&amp#27;[0m Matched W3C error code 'invalid session id' to NoSuchDriverError
&amp#27;[38;5;32m[AndroidUiautomator2Driver@451f (f78669b6)]&amp#27;[0m Encountered internal error running command: io.appium.uiautomator2.common.exceptions.NoSuchDriverException: The session identified by 11335265-d83b-47c5-b9a3-1325d58fd178 is not known
&amp#27;[38;5;32m[AndroidUiautomator2Driver@451f (f78669b6)]&amp#27;[0m 	at io.appium.uiautomator2.handler.request.SafeRequestHandler.handle(SafeRequestHandler.java:54)
&amp#27;[38;5;32m[AndroidUiautomator2Driver@451f (f78669b6)]&amp#27;[0m 	at io.appium.uiautomator2.server.AppiumServlet.handleRequest(AppiumServlet.java:277)
&amp#27;[38;5;32m[AndroidUiautomator2Driver@451f (f78669b6)]&amp#27;[0m 	at io.appium.uiautomator2.server.AppiumServlet.handleHttpRequest(AppiumServlet.java:271)
&amp#27;[38;5;32m[AndroidUiautomator2Driver@451f (f78669b6)]&amp#27;[0m 	at io.appium.uiautomator2.http.ServerHandler.channelRead(ServerHandler.java:77)
&amp#27;[38;5;32m[AndroidUiautomator2Driver@451f (f78669b6)]&amp#27;[0m 	at io.netty.channel.AbstractChannelHandlerContext.invokeChannelRead(AbstractChannelHandlerContext.java:366)
&amp#27;[38;5;32m[AndroidUiautomator2Driver@451f (f78669b6)]&amp#27;[0m 	at io.netty.channel.AbstractChannelHandlerContext.invokeChannelRead(AbstractChannelHandlerContext.java:352)
&amp#27;[38;5;32m[AndroidUiautomator2Driver@451f (f78669b6)]&amp#27;[0m 	at io.netty.channel.AbstractChannelHandlerContext.fireChannelRead(AbstractChannelHandlerContext.java:345)
&amp#27;[38;5;32m[AndroidUiautomator2Driver@451f (f78669b6)]&amp#27;[0m 	at io.netty.handler.codec.MessageToMessageDecoder.channelRead(MessageToMessageDecoder.java:102)
&amp#27;[38;5;32m[AndroidUiautomator2Driver@451f (f78669b6)]&amp#27;[0m 	at io.netty.channel.AbstractChannelHandlerContext.invokeChannelRead(AbstractChannelHandlerContext.java:366)
&amp#27;[38;5;32m[AndroidUiautomator2Driver@451f (f78669b6)]&amp#27;[0m 	at io.netty.channel.AbstractChannelHandlerContext.invokeChannelRead(AbstractChannelHandlerContext.java:352)
&amp#27;[38;5;32m[AndroidUiautomator2Driver@451f (f78669b6)]&amp#27;[0m 	at io.netty.channel.AbstractChannelHandlerContext.fireChannelRead(AbstractChannelHandlerContext.java:345)
&amp#27;[38;5;32m[AndroidUiautomator2Driver@451f (f78669b6)]&amp#27;[0m 	at io.netty.channel.CombinedChannelDuplexHandler$DelegatingChannelHandlerContext.fireChannelRead(CombinedChannelDuplexHandler.java:435)
&amp#27;[38;5;32m[AndroidUiautomator2Driver@451f (f78669b6)]&amp#27;[0m 	at io.netty.handler.codec.ByteToMessageDecoder.fireChannelRead(ByteToMessageDecoder.java:293)
&amp#27;[38;5;32m[AndroidUiautomator2Driver@451f (f78669b6)]&amp#27;[0m 	at io.netty.handler.codec.ByteToMessageDecoder.channelRead(ByteToMessageDecoder.java:267)
&amp#27;[38;5;32m[AndroidUiautomator2Driver@451f (f78669b6)]&amp#27;[0m 	at io.netty.channel.CombinedChannelDuplexHandler.channelRead(CombinedChannelDuplexHandler.java:250)
&amp#27;[38;5;32m[AndroidUiautomator2Driver@451f (f78669b6)]&amp#27;[0m 	at io.netty.channel.AbstractChannelHandlerContext.invokeChannelRead(AbstractChannelHandlerContext.java:366)
&amp#27;[38;5;32m[AndroidUiautomator2Driver@451f (f78669b6)]&amp#27;[0m 	at io.netty.channel.AbstractChannelHandlerContext.invokeChannelRead(AbstractChannelHandlerContext.java:352)
&amp#27;[38;5;32m[AndroidUiautomator2Driver@451f (f78669b6)]&amp#27;[0m 	at io.netty.channel.AbstractChannelHandlerContext.fireChannelRead(AbstractChannelHandlerContext.java:345)
&amp#27;[38;5;32m[AndroidUiautomator2Driver@451f (f78669b6)]&amp#27;[0m 	at io.netty.handler.timeout.IdleStateHandler.channelRead(IdleStateHandler.java:266)
&amp#27;[38;5;32m[AndroidUiautomator2Driver@451f (f78669b6)]&amp#27;[0m 	at io.netty.channel.AbstractChannelHandlerContext.invokeChannelRead(AbstractChannelHandlerContext.java:366)
&amp#27;[38;5;32m[AndroidUiautomator2Driver@451f (f78669b6)]&amp#27;[0m 	at io.netty.channel.AbstractChannelHandlerContext.invokeChannelRead(AbstractChannelHandlerContext.java:352)
&amp#27;[38;5;32m[AndroidUiautomator2Driver@451f (f78669b6)]&amp#27;[0m 	at io.netty.channel.AbstractChannelHandlerContext.fireChannelRead(AbstractChannelHandlerContext.java:345)
&amp#27;[38;5;32m[AndroidUiautomator2Driver@451f (f78669b6)]&amp#27;[0m 	at io.netty.channel.DefaultChannelPipeline$HeadContext.channelRead(DefaultChannelPipeline.java:1294)
&amp#27;[38;5;32m[AndroidUiautomator2Driver@451f (f78669b6)]&amp#27;[0m 	at io.netty.channel.AbstractChannelHandlerContext.invokeChannelRead(AbstractChannelHandlerContext.java:366)
&amp#27;[38;5;32m[AndroidUiautomator2Driver@451f (f78669b6)]&amp#27;[0m 	at io.netty.channel.AbstractChannelHandlerContext.invokeChannelRead(AbstractChannelHandlerContext.java:352)
&amp#27;[38;5;32m[AndroidUiautomator2Driver@451f (f78669b6)]&amp#27;[0m 	at io.netty.channel.DefaultChannelPipeline.fireChannelRead(DefaultChannelPipeline.java:911)
&amp#27;[38;5;32m[AndroidUiautomator2Driver@451f (f78669b6)]&amp#27;[0m 	at io.netty.channel.nio.AbstractNioByteChannel$NioByteUnsafe.read(AbstractNioByteChannel.java:131)
&amp#27;[38;5;32m[AndroidUiautomator2Driver@451f (f78669b6)]&amp#27;[0m 	at io.netty.channel.nio.NioEventLoop.processSelectedKey(NioEventLoop.java:611)
&amp#27;[38;5;32m[AndroidUiautomator2Driver@451f (f78669b6)]&amp#27;[0m 	at io.netty.channel.nio.NioEventLoop.processSelectedKeysOptimized(NioEventLoop.java:552)
&amp#27;[38;5;32m[AndroidUiautomator2Driver@451f (f78669b6)]&amp#27;[0m 	at io.netty.channel.nio.NioEventLoop.processSelectedKeys(NioEventLoop.java:466)
&amp#27;[38;5;32m[AndroidUiautomator2Driver@451f (f78669b6)]&amp#27;[0m 	at io.netty.channel.nio.NioEventLoop.run(NioEventLoop.java:438)
&amp#27;[38;5;32m[AndroidUiautomator2Driver@451f (f78669b6)]&amp#27;[0m 	at io.netty.util.concurrent.SingleThreadEventExecutor$2.run(SingleThreadEventExecutor.java:140)
&amp#27;[38;5;32m[AndroidUiautomator2Driver@451f (f78669b6)]&amp#27;[0m 	at io.netty.util.concurrent.DefaultThreadFactory$DefaultRunnableDecorator.run(DefaultThreadFactory.java:144)
&amp#27;[38;5;32m[AndroidUiautomator2Driver@451f (f78669b6)]&amp#27;[0m 	at java.lang.Thread.run(Thread.java:1012)
&amp#27;[38;5;32m[AndroidUiautomator2Driver@451f (f78669b6)]&amp#27;[0m 
&amp#27;[38;5;0m[HTTP]&amp#27;[0m &amp#27;[37m<-- POST /session/f78669b6-b6de-4304-ab08-48ce238b2c9e/element &amp#27;[39m&amp#27;[33m404&amp#27;[39m &amp#27;[90m425 ms - 3692&amp#27;[39m
&amp#27;[38;5;0m[HTTP]&amp#27;[0m &amp#27;[90m&amp#27;[39m
  &amp#27;[31mWhen &amp#27;[0m&amp#27;[31ma user tap on Preference link&amp#27;[0m                     &amp#27;[90m# com.mobframework.stepdefinitions.Preference.userTapsOnPreferenceLink()&amp#27;[0m
      &amp#27;[31morg.openqa.selenium.NoSuchSessionException: The session identified by 11335265-d83b-47c5-b9a3-1325d58fd178 is not known
Build info: version: '4.17.0', revision: 'e52b1be057*'
System info: os.name: 'Windows 11', os.arch: 'amd64', os.version: '10.0', java.version: '20.0.2'
Driver info: io.appium.java_client.android.AndroidDriver
Command: [f78669b6-b6de-4304-ab08-48ce238b2c9e, findElement {value=Preference, using=accessibility id}]
Capabilities {appium:app: d:\MobReview\NewMobileAuto\..., appium:appActivity: io.appium.android.apis.ApiD..., appium:appPackage: io.appium.android.apis, appium:automationName: UiAutomator2, appium:databaseEnabled: false, appium:desired: {app: d:\MobReview\NewMobileAuto\..., appActivity: io.appium.android.apis.ApiD..., appPackage: io.appium.android.apis, automationName: UiAutomator2, deviceName: Pixel7, platformName: ANDROID, systemPort: 0}, appium:deviceApiLevel: 34, appium:deviceManufacturer: Google, appium:deviceModel: sdk_gphone64_x86_64, appium:deviceName: emulator-5554, appium:deviceScreenDensity: 440, appium:deviceScreenSize: 1080x2220, appium:deviceUDID: emulator-5554, appium:javascriptEnabled: true, appium:locationContextEnabled: false, appium:networkConnectionEnabled: true, appium:pixelRatio: 2.75, appium:platformVersion: 14, appium:statBarHeight: 66, appium:systemPort: 0, appium:takesScreenshot: true, appium:viewportRect: {height: 2088, left: 0, top: 66, width: 1080}, appium:warnings: {}, appium:webStorageEnabled: false, platformName: ANDROID}
Session ID: f78669b6-b6de-4304-ab08-48ce238b2c9e
	at java.base/jdk.internal.reflect.DirectConstructorHandleAccessor.newInstance(DirectConstructorHandleAccessor.java:67)
	at java.base/java.lang.reflect.Constructor.newInstanceWithCaller(Constructor.java:500)
	at java.base/java.lang.reflect.Constructor.newInstance(Constructor.java:484)
	at org.openqa.selenium.remote.codec.w3c.W3CHttpResponseCodec.createException(W3CHttpResponseCodec.java:185)
	at org.openqa.selenium.remote.codec.w3c.W3CHttpResponseCodec.decode(W3CHttpResponseCodec.java:134)
	at org.openqa.selenium.remote.codec.w3c.W3CHttpResponseCodec.decode(W3CHttpResponseCodec.java:51)
	at org.openqa.selenium.remote.HttpCommandExecutor.execute(HttpCommandExecutor.java:190)
	at io.appium.java_client.remote.AppiumCommandExecutor.execute(AppiumCommandExecutor.java:237)
	at org.openqa.selenium.remote.RemoteWebDriver.execute(RemoteWebDriver.java:519)
	at org.openqa.selenium.remote.ElementLocation$ElementFinder$2.findElement(ElementLocation.java:165)
	at org.openqa.selenium.remote.ElementLocation.findElement(ElementLocation.java:66)
	at org.openqa.selenium.remote.RemoteWebDriver.findElement(RemoteWebDriver.java:356)
	at org.openqa.selenium.remote.RemoteWebDriver.findElement(RemoteWebDriver.java:350)
	at org.openqa.selenium.support.ui.ExpectedConditions$7.apply(ExpectedConditions.java:194)
	at org.openqa.selenium.support.ui.ExpectedConditions$7.apply(ExpectedConditions.java:190)
	at org.openqa.selenium.support.ui.FluentWait.until(FluentWait.java:203)
	at com.mobframework.pages.BasePage.getElement(BasePage.java:29)
	at com.mobframework.pages.ApiDemos.navigateToPreference(ApiDemos.java:26)
	at com.mobframework.stepdefinitions.Preference.userTapsOnPreferenceLink(Preference.java:17)
	at ✽.a user tap on Preference link(file:///d:/MobReview/NewMobileAuto/src/test/resources/features/PopUp.feature:4)
&amp#27;[0m
  &amp#27;[36mAnd &amp#27;[0m&amp#27;[36ma user taps on Preference dependencies link&amp#27;[0m        &amp#27;[90m# com.mobframework.stepdefinitions.Preference.userTapsOnPreferenceDependenciesLink()&amp#27;[0m
  &amp#27;[36mAnd &amp#27;[0m&amp#27;[36ma user check the WiFi checkbox&amp#27;[0m
  &amp#27;[36mAnd &amp#27;[0m&amp#27;[36ma user taps on WiFi settings&amp#27;[0m                       &amp#27;[90m# com.mobframework.stepdefinitions.Preference.userTapsOnWiFiSettings()&amp#27;[0m
  &amp#27;[36mAnd &amp#27;[0m&amp#27;[36ma user should fill in the WiFi settings as "Adeba"&amp#27;[0m
  &amp#27;[36mAnd &amp#27;[0m&amp#27;[36ma user taps on ok button&amp#27;[0m                           &amp#27;[90m# com.mobframework.stepdefinitions.Preference.userTapsOnOkButton()&amp#27;[0m
  &amp#27;[36mThen &amp#27;[0m&amp#27;[36mWiFi settings should be saved&amp#27;[0m                     &amp#27;[90m# com.mobframework.stepdefinitions.Preference.wifiSettingsShouldBeSaved()&amp#27;[0m
&amp#27;[38;5;0m[HTTP]&amp#27;[0m &amp#27;[37m-->&amp#27;[39m &amp#27;[37mGET&amp#27;[39m &amp#27;[37m/session/f78669b6-b6de-4304-ab08-48ce238b2c9e/screenshot&amp#27;[39m
&amp#27;[38;5;0m[HTTP]&amp#27;[0m &amp#27;[90m{}&amp#27;[39m
&amp#27;[38;5;32m[AndroidUiautomator2Driver@451f (f78669b6)]&amp#27;[0m Calling AppiumDriver.getScreenshot() with args: ["f78669b6-b6de-4304-ab08-48ce238b2c9e"]
&amp#27;[38;5;32m[AndroidUiautomator2Driver@451f (f78669b6)]&amp#27;[0m Matched '/screenshot' to command name 'getScreenshot'
&amp#27;[38;5;32m[AndroidUiautomator2Driver@451f (f78669b6)]&amp#27;[0m Proxying [GET /screenshot] to [GET http://127.0.0.1:8200/session/11335265-d83b-47c5-b9a3-1325d58fd178/screenshot] with no body
&amp#27;[38;5;32m[AndroidUiautomator2Driver@451f (f78669b6)]&amp#27;[0m Got response with status 404: {"sessionId":"11335265-d83b-47c5-b9a3-1325d58fd178","value":{"error":"invalid session id","message":"The session identified by 11335265-d83b-47c5-b9a3-1325d58fd178 is not known","stacktrace":"io.appium.uiautomator2.common.exceptions.NoSuchDriverException: The session identified by 11335265-d83b-47c5-b9a3-1325d58fd178 is not known\n\tat io.appium.uiautomator2.handler.request.SafeRequestHandler.handle(SafeRequestHandler.java:54)\n\tat io.appium.uiautomator2.server.AppiumServlet.handleRequest(AppiumServlet.java:277)\n\tat io.appium.uiautomator2.server.AppiumServlet.handleHttpRequest(AppiumServlet.java:271)\n\tat io.appium.uiautomator2.http.ServerHandler.channelRead(ServerHandler.java:77)\n\tat io.netty.channel.AbstractChannelHandlerContext.invokeChannelRead(AbstractChannelHandlerContext.java:366)\n\tat io.netty.channel.AbstractChannelHandlerContext.invokeChannelRead(AbstractChannelHandlerContext.java:352)\n\tat io.netty.channel.AbstractChannelHandlerContext.fireChannelRead(AbstractChannelHandlerContext.java:3...
&amp#27;[38;5;128m[W3C]&amp#27;[0m Matched W3C error code 'invalid session id' to NoSuchDriverError
&amp#27;[38;5;32m[AndroidUiautomator2Driver@451f (f78669b6)]&amp#27;[0m Encountered internal error running command: io.appium.uiautomator2.common.exceptions.NoSuchDriverException: The session identified by 11335265-d83b-47c5-b9a3-1325d58fd178 is not known
&amp#27;[38;5;32m[AndroidUiautomator2Driver@451f (f78669b6)]&amp#27;[0m 	at io.appium.uiautomator2.handler.request.SafeRequestHandler.handle(SafeRequestHandler.java:54)
&amp#27;[38;5;32m[AndroidUiautomator2Driver@451f (f78669b6)]&amp#27;[0m 	at io.appium.uiautomator2.server.AppiumServlet.handleRequest(AppiumServlet.java:277)
&amp#27;[38;5;32m[AndroidUiautomator2Driver@451f (f78669b6)]&amp#27;[0m 	at io.appium.uiautomator2.server.AppiumServlet.handleHttpRequest(AppiumServlet.java:271)
&amp#27;[38;5;32m[AndroidUiautomator2Driver@451f (f78669b6)]&amp#27;[0m 	at io.appium.uiautomator2.http.ServerHandler.channelRead(ServerHandler.java:77)
&amp#27;[38;5;32m[AndroidUiautomator2Driver@451f (f78669b6)]&amp#27;[0m 	at io.netty.channel.AbstractChannelHandlerContext.invokeChannelRead(AbstractChannelHandlerContext.java:366)
&amp#27;[38;5;32m[AndroidUiautomator2Driver@451f (f78669b6)]&amp#27;[0m 	at io.netty.channel.AbstractChannelHandlerContext.invokeChannelRead(AbstractChannelHandlerContext.java:352)
&amp#27;[38;5;32m[AndroidUiautomator2Driver@451f (f78669b6)]&amp#27;[0m 	at io.netty.channel.AbstractChannelHandlerContext.fireChannelRead(AbstractChannelHandlerContext.java:345)
&amp#27;[38;5;32m[AndroidUiautomator2Driver@451f (f78669b6)]&amp#27;[0m 	at io.netty.handler.codec.MessageToMessageDecoder.channelRead(MessageToMessageDecoder.java:102)
&amp#27;[38;5;32m[AndroidUiautomator2Driver@451f (f78669b6)]&amp#27;[0m 	at io.netty.channel.AbstractChannelHandlerContext.invokeChannelRead(AbstractChannelHandlerContext.java:366)
&amp#27;[38;5;32m[AndroidUiautomator2Driver@451f (f78669b6)]&amp#27;[0m 	at io.netty.channel.AbstractChannelHandlerContext.invokeChannelRead(AbstractChannelHandlerContext.java:352)
&amp#27;[38;5;32m[AndroidUiautomator2Driver@451f (f78669b6)]&amp#27;[0m 	at io.netty.channel.AbstractChannelHandlerContext.fireChannelRead(AbstractChannelHandlerContext.java:345)
&amp#27;[38;5;32m[AndroidUiautomator2Driver@451f (f78669b6)]&amp#27;[0m 	at io.netty.channel.CombinedChannelDuplexHandler$DelegatingChannelHandlerContext.fireChannelRead(CombinedChannelDuplexHandler.java:435)
&amp#27;[38;5;32m[AndroidUiautomator2Driver@451f (f78669b6)]&amp#27;[0m 	at io.netty.handler.codec.ByteToMessageDecoder.fireChannelRead(ByteToMessageDecoder.java:293)
&amp#27;[38;5;32m[AndroidUiautomator2Driver@451f (f78669b6)]&amp#27;[0m 	at io.netty.handler.codec.ByteToMessageDecoder.channelRead(ByteToMessageDecoder.java:267)
&amp#27;[38;5;32m[AndroidUiautomator2Driver@451f (f78669b6)]&amp#27;[0m 	at io.netty.channel.CombinedChannelDuplexHandler.channelRead(CombinedChannelDuplexHandler.java:250)
&amp#27;[38;5;32m[AndroidUiautomator2Driver@451f (f78669b6)]&amp#27;[0m 	at io.netty.channel.AbstractChannelHandlerContext.invokeChannelRead(AbstractChannelHandlerContext.java:366)
&amp#27;[38;5;32m[AndroidUiautomator2Driver@451f (f78669b6)]&amp#27;[0m 	at io.netty.channel.AbstractChannelHandlerContext.invokeChannelRead(AbstractChannelHandlerContext.java:352)
&amp#27;[38;5;32m[AndroidUiautomator2Driver@451f (f78669b6)]&amp#27;[0m 	at io.netty.channel.AbstractChannelHandlerContext.fireChannelRead(AbstractChannelHandlerContext.java:345)
&amp#27;[38;5;32m[AndroidUiautomator2Driver@451f (f78669b6)]&amp#27;[0m 	at io.netty.handler.timeout.IdleStateHandler.channelRead(IdleStateHandler.java:266)
&amp#27;[38;5;32m[AndroidUiautomator2Driver@451f (f78669b6)]&amp#27;[0m 	at io.netty.channel.AbstractChannelHandlerContext.invokeChannelRead(AbstractChannelHandlerContext.java:366)
&amp#27;[38;5;32m[AndroidUiautomator2Driver@451f (f78669b6)]&amp#27;[0m 	at io.netty.channel.AbstractChannelHandlerContext.invokeChannelRead(AbstractChannelHandlerContext.java:352)
&amp#27;[38;5;32m[AndroidUiautomator2Driver@451f (f78669b6)]&amp#27;[0m 	at io.netty.channel.AbstractChannelHandlerContext.fireChannelRead(AbstractChannelHandlerContext.java:345)
&amp#27;[38;5;32m[AndroidUiautomator2Driver@451f (f78669b6)]&amp#27;[0m 	at io.netty.channel.DefaultChannelPipeline$HeadContext.channelRead(DefaultChannelPipeline.java:1294)
&amp#27;[38;5;32m[AndroidUiautomator2Driver@451f (f78669b6)]&amp#27;[0m 	at io.netty.channel.AbstractChannelHandlerContext.invokeChannelRead(AbstractChannelHandlerContext.java:366)
&amp#27;[38;5;32m[AndroidUiautomator2Driver@451f (f78669b6)]&amp#27;[0m 	at io.netty.channel.AbstractChannelHandlerContext.invokeChannelRead(AbstractChannelHandlerContext.java:352)
&amp#27;[38;5;32m[AndroidUiautomator2Driver@451f (f78669b6)]&amp#27;[0m 	at io.netty.channel.DefaultChannelPipeline.fireChannelRead(DefaultChannelPipeline.java:911)
&amp#27;[38;5;32m[AndroidUiautomator2Driver@451f (f78669b6)]&amp#27;[0m 	at io.netty.channel.nio.AbstractNioByteChannel$NioByteUnsafe.read(AbstractNioByteChannel.java:131)
&amp#27;[38;5;32m[AndroidUiautomator2Driver@451f (f78669b6)]&amp#27;[0m 	at io.netty.channel.nio.NioEventLoop.processSelectedKey(NioEventLoop.java:611)
&amp#27;[38;5;32m[AndroidUiautomator2Driver@451f (f78669b6)]&amp#27;[0m 	at io.netty.channel.nio.NioEventLoop.processSelectedKeysOptimized(NioEventLoop.java:552)
&amp#27;[38;5;32m[AndroidUiautomator2Driver@451f (f78669b6)]&amp#27;[0m 	at io.netty.channel.nio.NioEventLoop.processSelectedKeys(NioEventLoop.java:466)
&amp#27;[38;5;32m[AndroidUiautomator2Driver@451f (f78669b6)]&amp#27;[0m 	at io.netty.channel.nio.NioEventLoop.run(NioEventLoop.java:438)
&amp#27;[38;5;32m[AndroidUiautomator2Driver@451f (f78669b6)]&amp#27;[0m 	at io.netty.util.concurrent.SingleThreadEventExecutor$2.run(SingleThreadEventExecutor.java:140)
&amp#27;[38;5;32m[AndroidUiautomator2Driver@451f (f78669b6)]&amp#27;[0m 	at io.netty.util.concurrent.DefaultThreadFactory$DefaultRunnableDecorator.run(DefaultThreadFactory.java:144)
&amp#27;[38;5;32m[AndroidUiautomator2Driver@451f (f78669b6)]&amp#27;[0m 	at java.lang.Thread.run(Thread.java:1012)
&amp#27;[38;5;32m[AndroidUiautomator2Driver@451f (f78669b6)]&amp#27;[0m 
&amp#27;[38;5;0m[HTTP]&amp#27;[0m &amp#27;[37m<-- GET /session/f78669b6-b6de-4304-ab08-48ce238b2c9e/screenshot &amp#27;[39m&amp#27;[33m404&amp#27;[39m &amp#27;[90m39 ms - 3692&amp#27;[39m
&amp#27;[38;5;0m[HTTP]&amp#27;[0m &amp#27;[90m&amp#27;[39m
      &amp#27;[31morg.openqa.selenium.NoSuchSessionException: The session identified by 11335265-d83b-47c5-b9a3-1325d58fd178 is not known
Build info: version: '4.17.0', revision: 'e52b1be057*'
System info: os.name: 'Windows 11', os.arch: 'amd64', os.version: '10.0', java.version: '20.0.2'
Driver info: io.appium.java_client.android.AndroidDriver
Command: [f78669b6-b6de-4304-ab08-48ce238b2c9e, screenshot {}]
Capabilities {appium:app: d:\MobReview\NewMobileAuto\..., appium:appActivity: io.appium.android.apis.ApiD..., appium:appPackage: io.appium.android.apis, appium:automationName: UiAutomator2, appium:databaseEnabled: false, appium:desired: {app: d:\MobReview\NewMobileAuto\..., appActivity: io.appium.android.apis.ApiD..., appPackage: io.appium.android.apis, automationName: UiAutomator2, deviceName: Pixel7, platformName: ANDROID, systemPort: 0}, appium:deviceApiLevel: 34, appium:deviceManufacturer: Google, appium:deviceModel: sdk_gphone64_x86_64, appium:deviceName: emulator-5554, appium:deviceScreenDensity: 440, appium:deviceScreenSize: 1080x2220, appium:deviceUDID: emulator-5554, appium:javascriptEnabled: true, appium:locationContextEnabled: false, appium:networkConnectionEnabled: true, appium:pixelRatio: 2.75, appium:platformVersion: 14, appium:statBarHeight: 66, appium:systemPort: 0, appium:takesScreenshot: true, appium:viewportRect: {height: 2088, left: 0, top: 66, width: 1080}, appium:warnings: {}, appium:webStorageEnabled: false, platformName: ANDROID}
Session ID: f78669b6-b6de-4304-ab08-48ce238b2c9e
	at java.base/jdk.internal.reflect.DirectConstructorHandleAccessor.newInstance(DirectConstructorHandleAccessor.java:67)
	at java.base/java.lang.reflect.Constructor.newInstanceWithCaller(Constructor.java:500)
	at java.base/java.lang.reflect.Constructor.newInstance(Constructor.java:484)
	at org.openqa.selenium.remote.codec.w3c.W3CHttpResponseCodec.createException(W3CHttpResponseCodec.java:185)
	at org.openqa.selenium.remote.codec.w3c.W3CHttpResponseCodec.decode(W3CHttpResponseCodec.java:134)
	at org.openqa.selenium.remote.codec.w3c.W3CHttpResponseCodec.decode(W3CHttpResponseCodec.java:51)
	at org.openqa.selenium.remote.HttpCommandExecutor.execute(HttpCommandExecutor.java:190)
	at io.appium.java_client.remote.AppiumCommandExecutor.execute(AppiumCommandExecutor.java:237)
	at org.openqa.selenium.remote.RemoteWebDriver.execute(RemoteWebDriver.java:519)
	at org.openqa.selenium.remote.RemoteWebDriver.execute(RemoteWebDriver.java:592)
	at io.appium.java_client.AppiumDriver.execute(AppiumDriver.java:307)
	at org.openqa.selenium.remote.RemoteWebDriver.getScreenshotAs(RemoteWebDriver.java:322)
	at io.appium.java_client.AppiumDriver.getScreenshotAs(AppiumDriver.java:316)
	at com.mobframework.hooks.Hooks.quit(Hooks.java:39)
&amp#27;[0m
]]></system-out>
    <system-err><![CDATA[SLF4J(W): No SLF4J providers were found.
SLF4J(W): Defaulting to no-operation (NOP) logger implementation
SLF4J(W): See https://www.slf4j.org/codes.html#noProviders for further details.
]]></system-err>
  </testcase>
  <testcase name="add wifi settings" classname="Actions #2" time="34.856">
    <error message="The session identified by 11335265-d83b-47c5-b9a3-1325d58fd178 is not known&#10;Build info: version: &apos;4.17.0&apos;, revision: &apos;e52b1be057*&apos;&#10;System info: os.name: &apos;Windows 11&apos;, os.arch: &apos;amd64&apos;, os.version: &apos;10.0&apos;, java.version: &apos;20.0.2&apos;&#10;Driver info: io.appium.java_client.android.AndroidDriver&#10;Command: [f78669b6-b6de-4304-ab08-48ce238b2c9e, screenshot {}]&#10;Capabilities {appium:app: d:\MobReview\NewMobileAuto\..., appium:appActivity: io.appium.android.apis.ApiD..., appium:appPackage: io.appium.android.apis, appium:automationName: UiAutomator2, appium:databaseEnabled: false, appium:desired: {app: d:\MobReview\NewMobileAuto\..., appActivity: io.appium.android.apis.ApiD..., appPackage: io.appium.android.apis, automationName: UiAutomator2, deviceName: Pixel7, platformName: ANDROID, systemPort: 0}, appium:deviceApiLevel: 34, appium:deviceManufacturer: Google, appium:deviceModel: sdk_gphone64_x86_64, appium:deviceName: emulator-5554, appium:deviceScreenDensity: 440, appium:deviceScreenSize: 1080x2220, appium:deviceUDID: emulator-5554, appium:javascriptEnabled: true, appium:locationContextEnabled: false, appium:networkConnectionEnabled: true, appium:pixelRatio: 2.75, appium:platformVersion: 14, appium:statBarHeight: 66, appium:systemPort: 0, appium:takesScreenshot: true, appium:viewportRect: {height: 2088, left: 0, top: 66, width: 1080}, appium:warnings: {}, appium:webStorageEnabled: false, platformName: ANDROID}&#10;Session ID: f78669b6-b6de-4304-ab08-48ce238b2c9e" type="org.openqa.selenium.NoSuchSessionException">org.openqa.selenium.NoSuchSessionException: 
The session identified by 11335265-d83b-47c5-b9a3-1325d58fd178 is not known
Build info: version: '4.17.0', revision: 'e52b1be057*'
System info: os.name: 'Windows 11', os.arch: 'amd64', os.version: '10.0', java.version: '20.0.2'
Driver info: io.appium.java_client.android.AndroidDriver
Command: [f78669b6-b6de-4304-ab08-48ce238b2c9e, screenshot {}]
Capabilities {appium:app: d:\MobReview\NewMobileAuto\..., appium:appActivity: io.appium.android.apis.ApiD..., appium:appPackage: io.appium.android.apis, appium:automationName: UiAutomator2, appium:databaseEnabled: false, appium:desired: {app: d:\MobReview\NewMobileAuto\..., appActivity: io.appium.android.apis.ApiD..., appPackage: io.appium.android.apis, automationName: UiAutomator2, deviceName: Pixel7, platformName: ANDROID, systemPort: 0}, appium:deviceApiLevel: 34, appium:deviceManufacturer: Google, appium:deviceModel: sdk_gphone64_x86_64, appium:deviceName: emulator-5554, appium:deviceScreenDensity: 440, appium:deviceScreenSize: 1080x2220, appium:deviceUDID: emulator-5554, appium:javascriptEnabled: true, appium:locationContextEnabled: false, appium:networkConnectionEnabled: true, appium:pixelRatio: 2.75, appium:platformVersion: 14, appium:statBarHeight: 66, appium:systemPort: 0, appium:takesScreenshot: true, appium:viewportRect: {height: 2088, left: 0, top: 66, width: 1080}, appium:warnings: {}, appium:webStorageEnabled: false, platformName: ANDROID}
Session ID: f78669b6-b6de-4304-ab08-48ce238b2c9e
</error>
  </testcase>
</testsuite>